#
# There is insufficient memory for the Java Runtime Environment to continue.
# Native memory allocation (malloc) failed to allocate 131088 bytes. Error detail: Chunk::new
# Possible reasons:
#   The system is out of physical RAM or swap space
#   This process is running with CompressedOops enabled, and the Java Heap may be blocking the growth of the native heap
# Possible solutions:
#   Reduce memory load on the system
#   Increase physical memory or swap space
#   Check if swap backing store is full
#   Decrease Java heap size (-Xmx/-Xms)
#   Decrease number of Java threads
#   Decrease Java thread stack sizes (-Xss)
#   Set larger code cache with -XX:ReservedCodeCacheSize=
#   JVM is running with Unscaled Compressed Oops mode in which the Java heap is
#     placed in the first 4GB address space. The Java Heap base address is the
#     maximum limit for the native heap growth. Please use -XX:HeapBaseMinAddress
#     to set the Java Heap base and to place the Java Heap above 4GB virtual address.
# This output file may be truncated or incomplete.
#
#  Out of Memory Error (arena.cpp:168), pid=27528, tid=4016
#
# JRE version: OpenJDK Runtime Environment (21.0.3) (build 21.0.3+-12282718-b509.11)
# Java VM: OpenJDK 64-Bit Server VM (21.0.3+-12282718-b509.11, mixed mode, tiered, compressed oops, compressed class ptrs, g1 gc, windows-amd64)
# No core dump will be written. Minidumps are not enabled by default on client versions of Windows
#

---------------  S U M M A R Y ------------

Command Line: --add-opens=java.base/java.util=ALL-UNNAMED --add-opens=java.base/java.lang=ALL-UNNAMED --add-opens=java.base/java.lang.invoke=ALL-UNNAMED --add-opens=java.prefs/java.util.prefs=ALL-UNNAMED --add-exports=jdk.compiler/com.sun.tools.javac.api=ALL-UNNAMED --add-exports=jdk.compiler/com.sun.tools.javac.util=ALL-UNNAMED --add-opens=java.base/java.nio.charset=ALL-UNNAMED --add-opens=java.base/java.net=ALL-UNNAMED --add-opens=java.base/java.util.concurrent.atomic=ALL-UNNAMED -Xmx2048m -Dfile.encoding=UTF-8 -Duser.country=AR -Duser.language=es -Duser.variant -javaagent:C:\Users\rorot\.gradle\wrapper\dists\gradle-8.9-bin\90cnw93cvbtalezasaz0blq0a\gradle-8.9\lib\agents\gradle-instrumentation-agent-8.9.jar org.gradle.launcher.daemon.bootstrap.GradleDaemon 8.9

Host: AMD Ryzen 7 3700X 8-Core Processor             , 16 cores, 15G,  Windows 10 , 64 bit Build 19041 (10.0.19041.5072)
Time: Tue Dec 10 16:27:50 2024 Hora estándar de Argentina elapsed time: 6.314323 seconds (0d 0h 0m 6s)

---------------  T H R E A D  ---------------

Current thread (0x0000020cea12d5f0):  JavaThread "C2 CompilerThread1" daemon [_thread_in_native, id=4016, stack(0x000000b5b4c00000,0x000000b5b4d00000) (1024K)]


Current CompileTask:
C2:   6314 6368       4       sun.security.ec.ECOperations::setDouble (463 bytes)

Stack: [0x000000b5b4c00000,0x000000b5b4d00000]
Native frames: (J=compiled Java code, j=interpreted, Vv=VM code, C=native code)
V  [jvm.dll+0x6cafb9]
V  [jvm.dll+0x858523]
V  [jvm.dll+0x85aa7e]
V  [jvm.dll+0x85b163]
V  [jvm.dll+0x27d356]
V  [jvm.dll+0xbf93d]
V  [jvm.dll+0xbfe73]
V  [jvm.dll+0x7bc82b]
V  [jvm.dll+0x7b883c]
V  [jvm.dll+0x7b5034]
V  [jvm.dll+0x7c09fa]
V  [jvm.dll+0x5f6402]
V  [jvm.dll+0x24fad2]
V  [jvm.dll+0x24fe8f]
V  [jvm.dll+0x248775]
V  [jvm.dll+0x245fce]
V  [jvm.dll+0x1c5804]
V  [jvm.dll+0x25575c]
V  [jvm.dll+0x253c36]
V  [jvm.dll+0x3ec996]
V  [jvm.dll+0x800d78]
V  [jvm.dll+0x6c98cd]
C  [ucrtbase.dll+0x21bb2]
C  [KERNEL32.DLL+0x17374]
C  [ntdll.dll+0x4cc91]


---------------  P R O C E S S  ---------------

Threads class SMR info:
_java_thread_list=0x0000020cea387aa0, length=36, elements={
0x0000020cca893c40, 0x0000020ce9136f90, 0x0000020ce911b590, 0x0000020ce915b950,
0x0000020ce915c3b0, 0x0000020ce9137f10, 0x0000020ce9138970, 0x0000020ce9139700,
0x0000020ce91233f0, 0x0000020ce4cccaa0, 0x0000020ce93096b0, 0x0000020ce94ae0b0,
0x0000020cea3cf360, 0x0000020cea12c850, 0x0000020ceb44a690, 0x0000020ceb1716d0,
0x0000020ceb8b4420, 0x0000020ceb241480, 0x0000020ceb241af0, 0x0000020ceb357a40,
0x0000020ceb33a1d0, 0x0000020ceb33a860, 0x0000020ceb3373e0, 0x0000020ceb338790,
0x0000020ceb337a70, 0x0000020ceb338100, 0x0000020ceb338e20, 0x0000020ceb339b40,
0x0000020cec4d0120, 0x0000020cec4ced70, 0x0000020cec4ce050, 0x0000020cec4ce6e0,
0x0000020cec4d21f0, 0x0000020cec4cf400, 0x0000020cec4d5670, 0x0000020cea12d5f0
}

Java Threads: ( => current thread )
  0x0000020cca893c40 JavaThread "main"                              [_thread_blocked, id=17996, stack(0x000000b5b3900000,0x000000b5b3a00000) (1024K)]
  0x0000020ce9136f90 JavaThread "Reference Handler"          daemon [_thread_blocked, id=22684, stack(0x000000b5b4100000,0x000000b5b4200000) (1024K)]
  0x0000020ce911b590 JavaThread "Finalizer"                  daemon [_thread_blocked, id=17452, stack(0x000000b5b4200000,0x000000b5b4300000) (1024K)]
  0x0000020ce915b950 JavaThread "Signal Dispatcher"          daemon [_thread_blocked, id=20716, stack(0x000000b5b4300000,0x000000b5b4400000) (1024K)]
  0x0000020ce915c3b0 JavaThread "Attach Listener"            daemon [_thread_blocked, id=23532, stack(0x000000b5b4400000,0x000000b5b4500000) (1024K)]
  0x0000020ce9137f10 JavaThread "Service Thread"             daemon [_thread_blocked, id=23540, stack(0x000000b5b4500000,0x000000b5b4600000) (1024K)]
  0x0000020ce9138970 JavaThread "Monitor Deflation Thread"   daemon [_thread_blocked, id=2452, stack(0x000000b5b4600000,0x000000b5b4700000) (1024K)]
  0x0000020ce9139700 JavaThread "C2 CompilerThread0"         daemon [_thread_in_native, id=27060, stack(0x000000b5b4700000,0x000000b5b4800000) (1024K)]
  0x0000020ce91233f0 JavaThread "C1 CompilerThread0"         daemon [_thread_blocked, id=12600, stack(0x000000b5b4800000,0x000000b5b4900000) (1024K)]
  0x0000020ce4cccaa0 JavaThread "Common-Cleaner"             daemon [_thread_blocked, id=21564, stack(0x000000b5b4900000,0x000000b5b4a00000) (1024K)]
  0x0000020ce93096b0 JavaThread "C1 CompilerThread1"         daemon [_thread_blocked, id=22848, stack(0x000000b5b4a00000,0x000000b5b4b00000) (1024K)]
  0x0000020ce94ae0b0 JavaThread "Notification Thread"        daemon [_thread_blocked, id=14468, stack(0x000000b5b4b00000,0x000000b5b4c00000) (1024K)]
  0x0000020cea3cf360 JavaThread "C1 CompilerThread2"         daemon [_thread_blocked, id=21920, stack(0x000000b5b5400000,0x000000b5b5500000) (1024K)]
  0x0000020cea12c850 JavaThread "C1 CompilerThread3"         daemon [_thread_blocked, id=19588, stack(0x000000b5b5500000,0x000000b5b5600000) (1024K)]
  0x0000020ceb44a690 JavaThread "Daemon health stats"               [_thread_blocked, id=16128, stack(0x000000b5b5600000,0x000000b5b5700000) (1024K)]
  0x0000020ceb1716d0 JavaThread "Incoming local TCP Connector on port 61865"        [_thread_in_native, id=4116, stack(0x000000b5b5700000,0x000000b5b5800000) (1024K)]
  0x0000020ceb8b4420 JavaThread "Daemon periodic checks"            [_thread_blocked, id=14564, stack(0x000000b5b5800000,0x000000b5b5900000) (1024K)]
  0x0000020ceb241480 JavaThread "Daemon"                            [_thread_blocked, id=26912, stack(0x000000b5b5900000,0x000000b5b5a00000) (1024K)]
  0x0000020ceb241af0 JavaThread "Handler for socket connection from /127.0.0.1:61865 to /127.0.0.1:61867"        [_thread_in_native, id=16560, stack(0x000000b5b5a00000,0x000000b5b5b00000) (1024K)]
  0x0000020ceb357a40 JavaThread "Cancel handler"                    [_thread_blocked, id=23752, stack(0x000000b5b5b00000,0x000000b5b5c00000) (1024K)]
  0x0000020ceb33a1d0 JavaThread "Daemon worker"                     [_thread_in_native, id=20484, stack(0x000000b5b5c00000,0x000000b5b5d00000) (1024K)]
  0x0000020ceb33a860 JavaThread "Asynchronous log dispatcher for DefaultDaemonConnection: socket connection from /127.0.0.1:61865 to /127.0.0.1:61867"        [_thread_blocked, id=5700, stack(0x000000b5b5d00000,0x000000b5b5e00000) (1024K)]
  0x0000020ceb3373e0 JavaThread "Stdin handler"                     [_thread_blocked, id=14076, stack(0x000000b5b5e00000,0x000000b5b5f00000) (1024K)]
  0x0000020ceb338790 JavaThread "Daemon client event forwarder"        [_thread_blocked, id=26796, stack(0x000000b5b5f00000,0x000000b5b6000000) (1024K)]
  0x0000020ceb337a70 JavaThread "Cache worker for journal cache (C:\Users\rorot\.gradle\caches\journal-1)"        [_thread_blocked, id=22112, stack(0x000000b5b6900000,0x000000b5b6a00000) (1024K)]
  0x0000020ceb338100 JavaThread "File lock request listener"        [_thread_in_native, id=15176, stack(0x000000b5b6a00000,0x000000b5b6b00000) (1024K)]
  0x0000020ceb338e20 JavaThread "Cache worker for file hash cache (C:\Users\rorot\.gradle\caches\8.9\fileHashes)"        [_thread_blocked, id=22972, stack(0x000000b5b6b00000,0x000000b5b6c00000) (1024K)]
  0x0000020ceb339b40 JavaThread "Cache worker for file hash cache (C:\Users\rorot\Desktop\frontend-rodri\.gradle\8.9\fileHashes)"        [_thread_blocked, id=9516, stack(0x000000b5b6c00000,0x000000b5b6d00000) (1024K)]
  0x0000020cec4d0120 JavaThread "Cache worker for Build Output Cleanup Cache (C:\Users\rorot\Desktop\frontend-rodri\.gradle\buildOutputCleanup)"        [_thread_blocked, id=13272, stack(0x000000b5b6d00000,0x000000b5b6e00000) (1024K)]
  0x0000020cec4ced70 JavaThread "File watcher server"        daemon [_thread_in_native, id=14648, stack(0x000000b5b4e00000,0x000000b5b4f00000) (1024K)]
  0x0000020cec4ce050 JavaThread "File watcher consumer"      daemon [_thread_blocked, id=10612, stack(0x000000b5b6e00000,0x000000b5b6f00000) (1024K)]
  0x0000020cec4ce6e0 JavaThread "Cache worker for checksums cache (C:\Users\rorot\Desktop\frontend-rodri\.gradle\8.9\checksums)"        [_thread_blocked, id=12616, stack(0x000000b5b4d00000,0x000000b5b4e00000) (1024K)]
  0x0000020cec4d21f0 JavaThread "Cache worker for file content cache (C:\Users\rorot\.gradle\caches\8.9\fileContent)"        [_thread_blocked, id=22376, stack(0x000000b5b6f00000,0x000000b5b7000000) (1024K)]
  0x0000020cec4cf400 JavaThread "Cache worker for cache directory md-rule (C:\Users\rorot\.gradle\caches\8.9\md-rule)"        [_thread_blocked, id=26468, stack(0x000000b5b7000000,0x000000b5b7100000) (1024K)]
  0x0000020cec4d5670 JavaThread "Cache worker for cache directory md-supplier (C:\Users\rorot\.gradle\caches\8.9\md-supplier)"        [_thread_blocked, id=22692, stack(0x000000b5b7100000,0x000000b5b7200000) (1024K)]
=>0x0000020cea12d5f0 JavaThread "C2 CompilerThread1"         daemon [_thread_in_native, id=4016, stack(0x000000b5b4c00000,0x000000b5b4d00000) (1024K)]
Total: 36

Other Threads:
  0x0000020ce90c8730 VMThread "VM Thread"                           [id=4004, stack(0x000000b5b4000000,0x000000b5b4100000) (1024K)]
  0x0000020ce4ccc0d0 WatcherThread "VM Periodic Task Thread"        [id=17956, stack(0x000000b5b3f00000,0x000000b5b4000000) (1024K)]
  0x0000020cccb578c0 WorkerThread "GC Thread#0"                     [id=8920, stack(0x000000b5b3a00000,0x000000b5b3b00000) (1024K)]
  0x0000020ce9bfead0 WorkerThread "GC Thread#1"                     [id=26752, stack(0x000000b5b4f00000,0x000000b5b5000000) (1024K)]
  0x0000020ce9e35bc0 WorkerThread "GC Thread#2"                     [id=19732, stack(0x000000b5b5000000,0x000000b5b5100000) (1024K)]
  0x0000020ce9e35f60 WorkerThread "GC Thread#3"                     [id=10860, stack(0x000000b5b5100000,0x000000b5b5200000) (1024K)]
  0x0000020ce98703b0 WorkerThread "GC Thread#4"                     [id=25920, stack(0x000000b5b5200000,0x000000b5b5300000) (1024K)]
  0x0000020ce9dc3780 WorkerThread "GC Thread#5"                     [id=26120, stack(0x000000b5b5300000,0x000000b5b5400000) (1024K)]
  0x0000020ce9df35a0 WorkerThread "GC Thread#6"                     [id=4660, stack(0x000000b5b6000000,0x000000b5b6100000) (1024K)]
  0x0000020ce9df2ac0 WorkerThread "GC Thread#7"                     [id=18996, stack(0x000000b5b6100000,0x000000b5b6200000) (1024K)]
  0x0000020ce9df3200 WorkerThread "GC Thread#8"                     [id=4500, stack(0x000000b5b6200000,0x000000b5b6300000) (1024K)]
  0x0000020ce9df2e60 WorkerThread "GC Thread#9"                     [id=25844, stack(0x000000b5b6300000,0x000000b5b6400000) (1024K)]
  0x0000020ceb773680 WorkerThread "GC Thread#10"                    [id=23404, stack(0x000000b5b6400000,0x000000b5b6500000) (1024K)]
  0x0000020ceb771240 WorkerThread "GC Thread#11"                    [id=17572, stack(0x000000b5b6500000,0x000000b5b6600000) (1024K)]
  0x0000020ceb773a20 WorkerThread "GC Thread#12"                    [id=27460, stack(0x000000b5b6600000,0x000000b5b6700000) (1024K)]
  0x0000020cccb69930 ConcurrentGCThread "G1 Main Marker"            [id=25076, stack(0x000000b5b3b00000,0x000000b5b3c00000) (1024K)]
  0x0000020cccb6aae0 WorkerThread "G1 Conc#0"                       [id=18748, stack(0x000000b5b3c00000,0x000000b5b3d00000) (1024K)]
  0x0000020ceb774160 WorkerThread "G1 Conc#1"                       [id=16668, stack(0x000000b5b6700000,0x000000b5b6800000) (1024K)]
  0x0000020ceb771980 WorkerThread "G1 Conc#2"                       [id=12424, stack(0x000000b5b6800000,0x000000b5b6900000) (1024K)]
  0x0000020ce4ba0630 ConcurrentGCThread "G1 Refine#0"               [id=4028, stack(0x000000b5b3d00000,0x000000b5b3e00000) (1024K)]
  0x0000020ce4ba2260 ConcurrentGCThread "G1 Service"                [id=23848, stack(0x000000b5b3e00000,0x000000b5b3f00000) (1024K)]
Total: 21

Threads with active compile tasks:
C2 CompilerThread1     6344 6368       4       sun.security.ec.ECOperations::setDouble (463 bytes)
Total: 1

VM state: not at safepoint (normal execution)

VM Mutex/Monitor currently owned by a thread: None

Heap address: 0x0000000080000000, size: 2048 MB, Compressed Oops mode: 32-bit

CDS archive(s) not mapped
Compressed class space mapped at: 0x0000000100000000-0x0000000140000000, reserved size: 1073741824
Narrow klass base: 0x0000000000000000, Narrow klass shift: 3, Narrow klass range: 0x140000000

GC Precious Log:
 CardTable entry size: 512
 Card Set container configuration: InlinePtr #cards 5 size 8 Array Of Cards #cards 12 size 40 Howl #buckets 4 coarsen threshold 1843 Howl Bitmap #cards 512 size 80 coarsen threshold 460 Card regions per heap region 1 cards per card region 2048
 CPUs: 16 total, 16 available
 Memory: 16333M
 Large Page Support: Disabled
 NUMA Support: Disabled
 Compressed Oops: Enabled (32-bit)
 Heap Region Size: 1M
 Heap Min Capacity: 8M
 Heap Initial Capacity: 256M
 Heap Max Capacity: 2G
 Pre-touch: Disabled
 Parallel Workers: 13
 Concurrent Workers: 3
 Concurrent Refinement Workers: 13
 Periodic GC: Disabled

Heap:
 garbage-first heap   total 92160K, used 67328K [0x0000000080000000, 0x0000000100000000)
  region size 1024K, 33 young (33792K), 5 survivors (5120K)
 Metaspace       used 70786K, committed 72384K, reserved 1114112K
  class space    used 9702K, committed 10496K, reserved 1048576K

Heap Regions: E=young(eden), S=young(survivor), O=old, HS=humongous(starts), HC=humongous(continues), CS=collection set, F=free, TAMS=top-at-mark-start, PB=parsable bottom
|   0|0x0000000080000000, 0x0000000080100000, 0x0000000080100000|100%|HS|  |TAMS 0x0000000080000000| PB 0x0000000080000000| Complete 
|   1|0x0000000080100000, 0x0000000080200000, 0x0000000080200000|100%|HC|  |TAMS 0x0000000080100000| PB 0x0000000080100000| Complete 
|   2|0x0000000080200000, 0x0000000080300000, 0x0000000080300000|100%|HC|  |TAMS 0x0000000080200000| PB 0x0000000080200000| Complete 
|   3|0x0000000080300000, 0x0000000080400000, 0x0000000080400000|100%|HC|  |TAMS 0x0000000080300000| PB 0x0000000080300000| Complete 
|   4|0x0000000080400000, 0x0000000080500000, 0x0000000080500000|100%| O|  |TAMS 0x0000000080400000| PB 0x0000000080400000| Untracked 
|   5|0x0000000080500000, 0x0000000080600000, 0x0000000080600000|100%| O|  |TAMS 0x0000000080500000| PB 0x0000000080500000| Untracked 
|   6|0x0000000080600000, 0x0000000080700000, 0x0000000080700000|100%| O|  |TAMS 0x0000000080600000| PB 0x0000000080600000| Untracked 
|   7|0x0000000080700000, 0x0000000080800000, 0x0000000080800000|100%| O|  |TAMS 0x0000000080700000| PB 0x0000000080700000| Untracked 
|   8|0x0000000080800000, 0x0000000080900000, 0x0000000080900000|100%| O|  |TAMS 0x0000000080800000| PB 0x0000000080800000| Untracked 
|   9|0x0000000080900000, 0x0000000080a00000, 0x0000000080a00000|100%| O|  |TAMS 0x0000000080900000| PB 0x0000000080900000| Untracked 
|  10|0x0000000080a00000, 0x0000000080b00000, 0x0000000080b00000|100%| O|  |TAMS 0x0000000080a00000| PB 0x0000000080a00000| Untracked 
|  11|0x0000000080b00000, 0x0000000080c00000, 0x0000000080c00000|100%|HS|  |TAMS 0x0000000080b00000| PB 0x0000000080b00000| Complete 
|  12|0x0000000080c00000, 0x0000000080d00000, 0x0000000080d00000|100%| O|  |TAMS 0x0000000080c00000| PB 0x0000000080c00000| Untracked 
|  13|0x0000000080d00000, 0x0000000080e00000, 0x0000000080e00000|100%| O|  |TAMS 0x0000000080d00000| PB 0x0000000080d00000| Untracked 
|  14|0x0000000080e00000, 0x0000000080f00000, 0x0000000080f00000|100%| O|  |TAMS 0x0000000080e00000| PB 0x0000000080e00000| Untracked 
|  15|0x0000000080f00000, 0x0000000081000000, 0x0000000081000000|100%| O|  |TAMS 0x0000000080f00000| PB 0x0000000080f00000| Untracked 
|  16|0x0000000081000000, 0x0000000081100000, 0x0000000081100000|100%| O|  |TAMS 0x0000000081000000| PB 0x0000000081000000| Untracked 
|  17|0x0000000081100000, 0x0000000081200000, 0x0000000081200000|100%| O|  |TAMS 0x0000000081100000| PB 0x0000000081100000| Untracked 
|  18|0x0000000081200000, 0x0000000081300000, 0x0000000081300000|100%| O|  |TAMS 0x0000000081200000| PB 0x0000000081200000| Untracked 
|  19|0x0000000081300000, 0x0000000081400000, 0x0000000081400000|100%| O|  |TAMS 0x0000000081300000| PB 0x0000000081300000| Untracked 
|  20|0x0000000081400000, 0x0000000081400000, 0x0000000081500000|  0%| F|  |TAMS 0x0000000081400000| PB 0x0000000081400000| Untracked 
|  21|0x0000000081500000, 0x0000000081600000, 0x0000000081600000|100%| O|  |TAMS 0x0000000081500000| PB 0x0000000081500000| Untracked 
|  22|0x0000000081600000, 0x0000000081700000, 0x0000000081700000|100%| O|  |TAMS 0x0000000081600000| PB 0x0000000081600000| Untracked 
|  23|0x0000000081700000, 0x0000000081800000, 0x0000000081800000|100%| O|  |TAMS 0x0000000081700000| PB 0x0000000081700000| Untracked 
|  24|0x0000000081800000, 0x0000000081900000, 0x0000000081900000|100%| O|  |TAMS 0x0000000081800000| PB 0x0000000081800000| Untracked 
|  25|0x0000000081900000, 0x0000000081a00000, 0x0000000081a00000|100%| O|  |TAMS 0x0000000081900000| PB 0x0000000081900000| Untracked 
|  26|0x0000000081a00000, 0x0000000081b00000, 0x0000000081b00000|100%| O|  |TAMS 0x0000000081a00000| PB 0x0000000081a00000| Untracked 
|  27|0x0000000081b00000, 0x0000000081c00000, 0x0000000081c00000|100%| O|  |TAMS 0x0000000081b00000| PB 0x0000000081b00000| Untracked 
|  28|0x0000000081c00000, 0x0000000081d00000, 0x0000000081d00000|100%| O|  |TAMS 0x0000000081c00000| PB 0x0000000081c00000| Untracked 
|  29|0x0000000081d00000, 0x0000000081e00000, 0x0000000081e00000|100%| O|  |TAMS 0x0000000081d00000| PB 0x0000000081d00000| Untracked 
|  30|0x0000000081e00000, 0x0000000081f00000, 0x0000000081f00000|100%| O|Cm|TAMS 0x0000000081e00000| PB 0x0000000081e00000| Complete 
|  31|0x0000000081f00000, 0x0000000081f00000, 0x0000000082000000|  0%| F|  |TAMS 0x0000000081f00000| PB 0x0000000081f00000| Untracked 
|  32|0x0000000082000000, 0x0000000082100000, 0x0000000082100000|100%| O|  |TAMS 0x0000000082000000| PB 0x0000000082000000| Untracked 
|  33|0x0000000082100000, 0x0000000082200000, 0x0000000082200000|100%| O|  |TAMS 0x0000000082100000| PB 0x0000000082100000| Untracked 
|  34|0x0000000082200000, 0x0000000082300000, 0x0000000082300000|100%| O|  |TAMS 0x0000000082200000| PB 0x0000000082200000| Untracked 
|  35|0x0000000082300000, 0x0000000082400000, 0x0000000082400000|100%| O|  |TAMS 0x0000000082300000| PB 0x0000000082300000| Untracked 
|  36|0x0000000082400000, 0x00000000824ccb00, 0x0000000082500000| 79%| O|  |TAMS 0x0000000082400000| PB 0x0000000082400000| Untracked 
|  37|0x0000000082500000, 0x0000000082500000, 0x0000000082600000|  0%| F|  |TAMS 0x0000000082500000| PB 0x0000000082500000| Untracked 
|  38|0x0000000082600000, 0x0000000082600000, 0x0000000082700000|  0%| F|  |TAMS 0x0000000082600000| PB 0x0000000082600000| Untracked 
|  39|0x0000000082700000, 0x0000000082700000, 0x0000000082800000|  0%| F|  |TAMS 0x0000000082700000| PB 0x0000000082700000| Untracked 
|  40|0x0000000082800000, 0x0000000082800000, 0x0000000082900000|  0%| F|  |TAMS 0x0000000082800000| PB 0x0000000082800000| Untracked 
|  41|0x0000000082900000, 0x0000000082900000, 0x0000000082a00000|  0%| F|  |TAMS 0x0000000082900000| PB 0x0000000082900000| Untracked 
|  42|0x0000000082a00000, 0x0000000082af35b8, 0x0000000082b00000| 95%| S|CS|TAMS 0x0000000082a00000| PB 0x0000000082a00000| Complete 
|  43|0x0000000082b00000, 0x0000000082c00000, 0x0000000082c00000|100%| S|CS|TAMS 0x0000000082b00000| PB 0x0000000082b00000| Complete 
|  44|0x0000000082c00000, 0x0000000082d00000, 0x0000000082d00000|100%| S|CS|TAMS 0x0000000082c00000| PB 0x0000000082c00000| Complete 
|  45|0x0000000082d00000, 0x0000000082e00000, 0x0000000082e00000|100%| S|CS|TAMS 0x0000000082d00000| PB 0x0000000082d00000| Complete 
|  46|0x0000000082e00000, 0x0000000082f00000, 0x0000000082f00000|100%| S|CS|TAMS 0x0000000082e00000| PB 0x0000000082e00000| Complete 
|  47|0x0000000082f00000, 0x0000000082f00000, 0x0000000083000000|  0%| F|  |TAMS 0x0000000082f00000| PB 0x0000000082f00000| Untracked 
|  48|0x0000000083000000, 0x0000000083000000, 0x0000000083100000|  0%| F|  |TAMS 0x0000000083000000| PB 0x0000000083000000| Untracked 
|  49|0x0000000083100000, 0x0000000083100000, 0x0000000083200000|  0%| F|  |TAMS 0x0000000083100000| PB 0x0000000083100000| Untracked 
|  50|0x0000000083200000, 0x0000000083200000, 0x0000000083300000|  0%| F|  |TAMS 0x0000000083200000| PB 0x0000000083200000| Untracked 
|  51|0x0000000083300000, 0x0000000083300000, 0x0000000083400000|  0%| F|  |TAMS 0x0000000083300000| PB 0x0000000083300000| Untracked 
|  52|0x0000000083400000, 0x0000000083400000, 0x0000000083500000|  0%| F|  |TAMS 0x0000000083400000| PB 0x0000000083400000| Untracked 
|  53|0x0000000083500000, 0x0000000083500000, 0x0000000083600000|  0%| F|  |TAMS 0x0000000083500000| PB 0x0000000083500000| Untracked 
|  54|0x0000000083600000, 0x0000000083600000, 0x0000000083700000|  0%| F|  |TAMS 0x0000000083600000| PB 0x0000000083600000| Untracked 
|  55|0x0000000083700000, 0x0000000083700000, 0x0000000083800000|  0%| F|  |TAMS 0x0000000083700000| PB 0x0000000083700000| Untracked 
|  56|0x0000000083800000, 0x0000000083800000, 0x0000000083900000|  0%| F|  |TAMS 0x0000000083800000| PB 0x0000000083800000| Untracked 
|  57|0x0000000083900000, 0x0000000083900000, 0x0000000083a00000|  0%| F|  |TAMS 0x0000000083900000| PB 0x0000000083900000| Untracked 
|  58|0x0000000083a00000, 0x0000000083a00000, 0x0000000083b00000|  0%| F|  |TAMS 0x0000000083a00000| PB 0x0000000083a00000| Untracked 
|  59|0x0000000083b00000, 0x0000000083b00000, 0x0000000083c00000|  0%| F|  |TAMS 0x0000000083b00000| PB 0x0000000083b00000| Untracked 
|  60|0x0000000083c00000, 0x0000000083c00000, 0x0000000083d00000|  0%| F|  |TAMS 0x0000000083c00000| PB 0x0000000083c00000| Untracked 
|  61|0x0000000083d00000, 0x0000000083d00000, 0x0000000083e00000|  0%| F|  |TAMS 0x0000000083d00000| PB 0x0000000083d00000| Untracked 
|  62|0x0000000083e00000, 0x0000000083e80800, 0x0000000083f00000| 50%| E|  |TAMS 0x0000000083e00000| PB 0x0000000083e00000| Complete 
|  63|0x0000000083f00000, 0x0000000084000000, 0x0000000084000000|100%| E|CS|TAMS 0x0000000083f00000| PB 0x0000000083f00000| Complete 
|  64|0x0000000084000000, 0x0000000084100000, 0x0000000084100000|100%| E|CS|TAMS 0x0000000084000000| PB 0x0000000084000000| Complete 
|  65|0x0000000084100000, 0x0000000084200000, 0x0000000084200000|100%| E|CS|TAMS 0x0000000084100000| PB 0x0000000084100000| Complete 
|  66|0x0000000084200000, 0x0000000084300000, 0x0000000084300000|100%| E|CS|TAMS 0x0000000084200000| PB 0x0000000084200000| Complete 
|  67|0x0000000084300000, 0x0000000084400000, 0x0000000084400000|100%| E|CS|TAMS 0x0000000084300000| PB 0x0000000084300000| Complete 
|  68|0x0000000084400000, 0x0000000084500000, 0x0000000084500000|100%| E|CS|TAMS 0x0000000084400000| PB 0x0000000084400000| Complete 
|  69|0x0000000084500000, 0x0000000084600000, 0x0000000084600000|100%| E|CS|TAMS 0x0000000084500000| PB 0x0000000084500000| Complete 
|  70|0x0000000084600000, 0x0000000084700000, 0x0000000084700000|100%| E|CS|TAMS 0x0000000084600000| PB 0x0000000084600000| Complete 
|  71|0x0000000084700000, 0x0000000084800000, 0x0000000084800000|100%| E|CS|TAMS 0x0000000084700000| PB 0x0000000084700000| Complete 
|  72|0x0000000084800000, 0x0000000084900000, 0x0000000084900000|100%| E|CS|TAMS 0x0000000084800000| PB 0x0000000084800000| Complete 
|  73|0x0000000084900000, 0x0000000084a00000, 0x0000000084a00000|100%| E|CS|TAMS 0x0000000084900000| PB 0x0000000084900000| Complete 
|  74|0x0000000084a00000, 0x0000000084b00000, 0x0000000084b00000|100%| E|CS|TAMS 0x0000000084a00000| PB 0x0000000084a00000| Complete 
|  75|0x0000000084b00000, 0x0000000084c00000, 0x0000000084c00000|100%| E|CS|TAMS 0x0000000084b00000| PB 0x0000000084b00000| Complete 
|  76|0x0000000084c00000, 0x0000000084d00000, 0x0000000084d00000|100%| E|CS|TAMS 0x0000000084c00000| PB 0x0000000084c00000| Complete 
|  77|0x0000000084d00000, 0x0000000084e00000, 0x0000000084e00000|100%| E|CS|TAMS 0x0000000084d00000| PB 0x0000000084d00000| Complete 
|  78|0x0000000084e00000, 0x0000000084f00000, 0x0000000084f00000|100%| E|CS|TAMS 0x0000000084e00000| PB 0x0000000084e00000| Complete 
| 180|0x000000008b400000, 0x000000008b500000, 0x000000008b500000|100%| E|CS|TAMS 0x000000008b400000| PB 0x000000008b400000| Complete 
| 181|0x000000008b500000, 0x000000008b600000, 0x000000008b600000|100%| E|CS|TAMS 0x000000008b500000| PB 0x000000008b500000| Complete 
| 182|0x000000008b600000, 0x000000008b700000, 0x000000008b700000|100%| E|CS|TAMS 0x000000008b600000| PB 0x000000008b600000| Complete 
| 183|0x000000008b700000, 0x000000008b800000, 0x000000008b800000|100%| E|CS|TAMS 0x000000008b700000| PB 0x000000008b700000| Complete 
| 184|0x000000008b800000, 0x000000008b900000, 0x000000008b900000|100%| E|CS|TAMS 0x000000008b800000| PB 0x000000008b800000| Complete 
| 185|0x000000008b900000, 0x000000008ba00000, 0x000000008ba00000|100%| E|  |TAMS 0x000000008b900000| PB 0x000000008b900000| Complete 
| 186|0x000000008ba00000, 0x000000008bb00000, 0x000000008bb00000|100%| E|CS|TAMS 0x000000008ba00000| PB 0x000000008ba00000| Complete 
| 187|0x000000008bb00000, 0x000000008bc00000, 0x000000008bc00000|100%| E|CS|TAMS 0x000000008bb00000| PB 0x000000008bb00000| Complete 
| 188|0x000000008bc00000, 0x000000008bd00000, 0x000000008bd00000|100%| E|CS|TAMS 0x000000008bc00000| PB 0x000000008bc00000| Complete 
| 189|0x000000008bd00000, 0x000000008be00000, 0x000000008be00000|100%| E|CS|TAMS 0x000000008bd00000| PB 0x000000008bd00000| Complete 
| 255|0x000000008ff00000, 0x0000000090000000, 0x0000000090000000|100%| E|CS|TAMS 0x000000008ff00000| PB 0x000000008ff00000| Complete 

Card table byte_map: [0x0000020cdf8d0000,0x0000020cdfcd0000] _byte_map_base: 0x0000020cdf4d0000

Marking Bits: (CMBitMap*) 0x0000020cccb57ed0
 Bits: [0x0000020cdfcd0000, 0x0000020ce1cd0000)

Polling page: 0x0000020cca830000

Metaspace:

Usage:
  Non-class:     59.65 MB used.
      Class:      9.48 MB used.
       Both:     69.13 MB used.

Virtual space:
  Non-class space:       64.00 MB reserved,      60.44 MB ( 94%) committed,  1 nodes.
      Class space:        1.00 GB reserved,      10.25 MB (  1%) committed,  1 nodes.
             Both:        1.06 GB reserved,      70.69 MB (  6%) committed. 

Chunk freelists:
   Non-Class:  2.97 MB
       Class:  5.72 MB
        Both:  8.69 MB

MaxMetaspaceSize: unlimited
CompressedClassSpaceSize: 1.00 GB
Initial GC threshold: 21.00 MB
Current GC threshold: 98.88 MB
CDS: off
 - commit_granule_bytes: 65536.
 - commit_granule_words: 8192.
 - virtual_space_node_default_size: 8388608.
 - enlarge_chunks_in_place: 1.
 - use_allocation_guard: 0.


Internal statistics:

num_allocs_failed_limit: 12.
num_arena_births: 2982.
num_arena_deaths: 0.
num_vsnodes_births: 2.
num_vsnodes_deaths: 0.
num_space_committed: 1131.
num_space_uncommitted: 0.
num_chunks_returned_to_freelist: 12.
num_chunks_taken_from_freelist: 5595.
num_chunk_merges: 9.
num_chunk_splits: 3663.
num_chunks_enlarged: 2322.
num_inconsistent_stats: 0.

CodeHeap 'non-profiled nmethods': size=119168Kb used=3525Kb max_used=3525Kb free=115642Kb
 bounds [0x0000020cd77f0000, 0x0000020cd7b70000, 0x0000020cdec50000]
CodeHeap 'profiled nmethods': size=119104Kb used=11429Kb max_used=11429Kb free=107674Kb
 bounds [0x0000020ccfc50000, 0x0000020cd0780000, 0x0000020cd70a0000]
CodeHeap 'non-nmethods': size=7488Kb used=3726Kb max_used=3745Kb free=3761Kb
 bounds [0x0000020cd70a0000, 0x0000020cd7450000, 0x0000020cd77f0000]
 total_blobs=6680 nmethods=5881 adapters=699
 compilation: enabled
              stopped_count=0, restarted_count=0
 full_count=0

Compilation events (20 events):
Event: 6.305 Thread 0x0000020ce91233f0 6396       3       com.sun.crypto.provider.CounterMode::increment (28 bytes)
Event: 6.305 Thread 0x0000020cea12c850 nmethod 6395 0x0000020cd074d490 code [0x0000020cd074d640, 0x0000020cd074d778]
Event: 6.305 Thread 0x0000020ce91233f0 nmethod 6396 0x0000020cd074d810 code [0x0000020cd074d9c0, 0x0000020cd074dbc0]
Event: 6.305 Thread 0x0000020ce93096b0 nmethod 6394 0x0000020cd074dc90 code [0x0000020cd074dec0, 0x0000020cd074ebf8]
Event: 6.305 Thread 0x0000020ce9139700 nmethod 6387 0x0000020cd7b59290 code [0x0000020cd7b59480, 0x0000020cd7b599b0]
Event: 6.305 Thread 0x0000020ce9139700 6390       4       java.lang.invoke.VarHandleGuards::guard_LI_J (78 bytes)
Event: 6.306 Thread 0x0000020ce91233f0 6397       3       sun.security.jca.GetInstance::getInstance (28 bytes)
Event: 6.306 Thread 0x0000020cea12c850 6398       3       sun.security.jca.GetInstance::checkSuperClass (68 bytes)
Event: 6.306 Thread 0x0000020cea3cf360 6399       3       sun.security.jca.GetInstance$Instance::<init> (15 bytes)
Event: 6.306 Thread 0x0000020cea3cf360 nmethod 6399 0x0000020cd074f310 code [0x0000020cd074f4c0, 0x0000020cd074f6e0]
Event: 6.306 Thread 0x0000020ce91233f0 nmethod 6397 0x0000020cd074f790 code [0x0000020cd074f980, 0x0000020cd074fd98]
Event: 6.306 Thread 0x0000020ce93096b0 6401       1       sun.security.util.DerValue::resetTag (6 bytes)
Event: 6.306 Thread 0x0000020ce93096b0 nmethod 6401 0x0000020cd7b59c90 code [0x0000020cd7b59e20, 0x0000020cd7b59ee8]
Event: 6.306 Thread 0x0000020cea3cf360 6402       3       sun.security.util.DerValue::readStringInternal (89 bytes)
Event: 6.306 Thread 0x0000020cea12c850 nmethod 6398 0x0000020cd074ff10 code [0x0000020cd07501c0, 0x0000020cd0750ad0]
Event: 6.306 Thread 0x0000020cea12c850 6403   !   3       sun.security.x509.OIDMap$OIDInfo::getClazz (53 bytes)
Event: 6.306 Thread 0x0000020cea3cf360 nmethod 6402 0x0000020cd0750e90 code [0x0000020cd0751100, 0x0000020cd0751938]
Event: 6.306 Thread 0x0000020cea12c850 nmethod 6403 0x0000020cd0751c90 code [0x0000020cd0751f20, 0x0000020cd0752858]
Event: 6.308 Thread 0x0000020ce9139700 nmethod 6390 0x0000020cd7b59f90 code [0x0000020cd7b5a180, 0x0000020cd7b5a718]
Event: 6.308 Thread 0x0000020ce9139700 6400       4       sun.security.util.DerValue::<init> (445 bytes)

GC Heap History (20 events):
Event: 1.553 GC heap before
{Heap before GC invocations=2 (full 0):
 garbage-first heap   total 262144K, used 78535K [0x0000000080000000, 0x0000000100000000)
  region size 1024K, 66 young (67584K), 2 survivors (2048K)
 Metaspace       used 21166K, committed 21504K, reserved 1114112K
  class space    used 2448K, committed 2624K, reserved 1048576K
}
Event: 1.557 GC heap after
{Heap after GC invocations=3 (full 0):
 garbage-first heap   total 262144K, used 20856K [0x0000000080000000, 0x0000000100000000)
  region size 1024K, 10 young (10240K), 10 survivors (10240K)
 Metaspace       used 21166K, committed 21504K, reserved 1114112K
  class space    used 2448K, committed 2624K, reserved 1048576K
}
Event: 2.390 GC heap before
{Heap before GC invocations=4 (full 0):
 garbage-first heap   total 78848K, used 76152K [0x0000000080000000, 0x0000000100000000)
  region size 1024K, 65 young (66560K), 10 survivors (10240K)
 Metaspace       used 30151K, committed 30720K, reserved 1114112K
  class space    used 3904K, committed 4160K, reserved 1048576K
}
Event: 2.398 GC heap after
{Heap after GC invocations=5 (full 0):
 garbage-first heap   total 92160K, used 24314K [0x0000000080000000, 0x0000000100000000)
  region size 1024K, 13 young (13312K), 13 survivors (13312K)
 Metaspace       used 30151K, committed 30720K, reserved 1114112K
  class space    used 3904K, committed 4160K, reserved 1048576K
}
Event: 2.841 GC heap before
{Heap before GC invocations=5 (full 0):
 garbage-first heap   total 92160K, used 59130K [0x0000000080000000, 0x0000000100000000)
  region size 1024K, 49 young (50176K), 13 survivors (13312K)
 Metaspace       used 35181K, committed 35968K, reserved 1114112K
  class space    used 4728K, committed 5120K, reserved 1048576K
}
Event: 2.845 GC heap after
{Heap after GC invocations=6 (full 0):
 garbage-first heap   total 92160K, used 26408K [0x0000000080000000, 0x0000000100000000)
  region size 1024K, 6 young (6144K), 6 survivors (6144K)
 Metaspace       used 35181K, committed 35968K, reserved 1114112K
  class space    used 4728K, committed 5120K, reserved 1048576K
}
Event: 2.873 GC heap before
{Heap before GC invocations=6 (full 0):
 garbage-first heap   total 92160K, used 28456K [0x0000000080000000, 0x0000000100000000)
  region size 1024K, 9 young (9216K), 6 survivors (6144K)
 Metaspace       used 35462K, committed 36288K, reserved 1114112K
  class space    used 4772K, committed 5184K, reserved 1048576K
}
Event: 2.875 GC heap after
{Heap after GC invocations=7 (full 0):
 garbage-first heap   total 92160K, used 26743K [0x0000000080000000, 0x0000000100000000)
  region size 1024K, 3 young (3072K), 3 survivors (3072K)
 Metaspace       used 35462K, committed 36288K, reserved 1114112K
  class space    used 4772K, committed 5184K, reserved 1048576K
}
Event: 3.407 GC heap before
{Heap before GC invocations=8 (full 0):
 garbage-first heap   total 92160K, used 75895K [0x0000000080000000, 0x0000000100000000)
  region size 1024K, 51 young (52224K), 3 survivors (3072K)
 Metaspace       used 44144K, committed 45184K, reserved 1114112K
  class space    used 5946K, committed 6464K, reserved 1048576K
}
Event: 3.410 GC heap after
{Heap after GC invocations=9 (full 0):
 garbage-first heap   total 92160K, used 30936K [0x0000000080000000, 0x0000000100000000)
  region size 1024K, 7 young (7168K), 7 survivors (7168K)
 Metaspace       used 44144K, committed 45184K, reserved 1114112K
  class space    used 5946K, committed 6464K, reserved 1048576K
}
Event: 3.655 GC heap before
{Heap before GC invocations=9 (full 0):
 garbage-first heap   total 92160K, used 75992K [0x0000000080000000, 0x0000000100000000)
  region size 1024K, 52 young (53248K), 7 survivors (7168K)
 Metaspace       used 46503K, committed 47744K, reserved 1114112K
  class space    used 6251K, committed 6848K, reserved 1048576K
}
Event: 3.658 GC heap after
{Heap after GC invocations=10 (full 0):
 garbage-first heap   total 92160K, used 33341K [0x0000000080000000, 0x0000000100000000)
  region size 1024K, 3 young (3072K), 3 survivors (3072K)
 Metaspace       used 46503K, committed 47744K, reserved 1114112K
  class space    used 6251K, committed 6848K, reserved 1048576K
}
Event: 4.672 GC heap before
{Heap before GC invocations=10 (full 0):
 garbage-first heap   total 92160K, used 77373K [0x0000000080000000, 0x0000000100000000)
  region size 1024K, 47 young (48128K), 3 survivors (3072K)
 Metaspace       used 51604K, committed 53056K, reserved 1114112K
  class space    used 7109K, committed 7808K, reserved 1048576K
}
Event: 4.675 GC heap after
{Heap after GC invocations=11 (full 0):
 garbage-first heap   total 92160K, used 35904K [0x0000000080000000, 0x0000000100000000)
  region size 1024K, 6 young (6144K), 6 survivors (6144K)
 Metaspace       used 51604K, committed 53056K, reserved 1114112K
  class space    used 7109K, committed 7808K, reserved 1048576K
}
Event: 5.098 GC heap before
{Heap before GC invocations=11 (full 0):
 garbage-first heap   total 92160K, used 80960K [0x0000000080000000, 0x0000000100000000)
  region size 1024K, 48 young (49152K), 6 survivors (6144K)
 Metaspace       used 58186K, committed 59584K, reserved 1114112K
  class space    used 7909K, committed 8576K, reserved 1048576K
}
Event: 5.101 GC heap after
{Heap after GC invocations=12 (full 0):
 garbage-first heap   total 92160K, used 37747K [0x0000000080000000, 0x0000000100000000)
  region size 1024K, 3 young (3072K), 3 survivors (3072K)
 Metaspace       used 58186K, committed 59584K, reserved 1114112K
  class space    used 7909K, committed 8576K, reserved 1048576K
}
Event: 5.162 GC heap before
{Heap before GC invocations=12 (full 0):
 garbage-first heap   total 92160K, used 42867K [0x0000000080000000, 0x0000000100000000)
  region size 1024K, 9 young (9216K), 3 survivors (3072K)
 Metaspace       used 59197K, committed 60608K, reserved 1114112K
  class space    used 8061K, committed 8768K, reserved 1048576K
}
Event: 5.164 GC heap after
{Heap after GC invocations=13 (full 0):
 garbage-first heap   total 92160K, used 38228K [0x0000000080000000, 0x0000000100000000)
  region size 1024K, 3 young (3072K), 3 survivors (3072K)
 Metaspace       used 59197K, committed 60608K, reserved 1114112K
  class space    used 8061K, committed 8768K, reserved 1048576K
}
Event: 5.818 GC heap before
{Heap before GC invocations=14 (full 0):
 garbage-first heap   total 92160K, used 79188K [0x0000000080000000, 0x0000000100000000)
  region size 1024K, 43 young (44032K), 3 survivors (3072K)
 Metaspace       used 64231K, committed 65792K, reserved 1114112K
  class space    used 8860K, committed 9664K, reserved 1048576K
}
Event: 5.821 GC heap after
{Heap after GC invocations=15 (full 0):
 garbage-first heap   total 92160K, used 40704K [0x0000000080000000, 0x0000000100000000)
  region size 1024K, 5 young (5120K), 5 survivors (5120K)
 Metaspace       used 64231K, committed 65792K, reserved 1114112K
  class space    used 8860K, committed 9664K, reserved 1048576K
}

Dll operation events (3 events):
Event: 0.016 Loaded shared library C:\Program Files\Android\Android Studio\jbr\bin\java.dll
Event: 0.022 Loaded shared library C:\Program Files\Android\Android Studio\jbr\bin\zip.dll
Event: 0.410 Loaded shared library C:\Program Files\Android\Android Studio\jbr\bin\verify.dll

Deoptimization events (20 events):
Event: 6.296 Thread 0x0000020ceb33a1d0 Uncommon trap: trap_request=0xffffff66 fr.pc=0x0000020cd7b54858 relative=0x00000000000002f8
Event: 6.296 Thread 0x0000020ceb33a1d0 Uncommon trap: reason=speculate_class_check action=maybe_recompile pc=0x0000020cd7b54858 method=sun.security.util.math.intpoly.IntegerPolynomial.multByInt([JJ)V @ 26 c2
Event: 6.296 Thread 0x0000020ceb33a1d0 DEOPT PACKING pc=0x0000020cd7b54858 sp=0x000000b5b5cf6610
Event: 6.296 Thread 0x0000020ceb33a1d0 DEOPT UNPACKING pc=0x0000020cd70f46a2 sp=0x000000b5b5cf6560 mode 2
Event: 6.296 Thread 0x0000020ceb33a1d0 Uncommon trap: trap_request=0xffffff66 fr.pc=0x0000020cd7b54858 relative=0x00000000000002f8
Event: 6.296 Thread 0x0000020ceb33a1d0 Uncommon trap: reason=speculate_class_check action=maybe_recompile pc=0x0000020cd7b54858 method=sun.security.util.math.intpoly.IntegerPolynomial.multByInt([JJ)V @ 26 c2
Event: 6.296 Thread 0x0000020ceb33a1d0 DEOPT PACKING pc=0x0000020cd7b54858 sp=0x000000b5b5cf6610
Event: 6.296 Thread 0x0000020ceb33a1d0 DEOPT UNPACKING pc=0x0000020cd70f46a2 sp=0x000000b5b5cf6560 mode 2
Event: 6.306 Thread 0x0000020ceb33a1d0 Uncommon trap: trap_request=0xffffffe4 fr.pc=0x0000020cd7b2cab0 relative=0x0000000000000450
Event: 6.306 Thread 0x0000020ceb33a1d0 Uncommon trap: reason=range_check action=make_not_entrant pc=0x0000020cd7b2cab0 method=sun.security.util.DerValue.<init>([BIIZZ)V @ 83 c2
Event: 6.306 Thread 0x0000020ceb33a1d0 DEOPT PACKING pc=0x0000020cd7b2cab0 sp=0x000000b5b5cf6190
Event: 6.306 Thread 0x0000020ceb33a1d0 DEOPT UNPACKING pc=0x0000020cd70f46a2 sp=0x000000b5b5cf6120 mode 2
Event: 6.309 Thread 0x0000020ceb33a1d0 Uncommon trap: trap_request=0xffffff45 fr.pc=0x0000020cd78c4ee8 relative=0x00000000000000c8
Event: 6.309 Thread 0x0000020ceb33a1d0 Uncommon trap: reason=unstable_if action=reinterpret pc=0x0000020cd78c4ee8 method=java.lang.CharacterDataLatin1.isWhitespace(I)Z @ 14 c2
Event: 6.309 Thread 0x0000020ceb33a1d0 DEOPT PACKING pc=0x0000020cd78c4ee8 sp=0x000000b5b5cf6340
Event: 6.309 Thread 0x0000020ceb33a1d0 DEOPT UNPACKING pc=0x0000020cd70f46a2 sp=0x000000b5b5cf6208 mode 2
Event: 6.309 Thread 0x0000020ceb33a1d0 Uncommon trap: trap_request=0xffffff45 fr.pc=0x0000020cd78635bc relative=0x000000000000009c
Event: 6.309 Thread 0x0000020ceb33a1d0 Uncommon trap: reason=unstable_if action=reinterpret pc=0x0000020cd78635bc method=java.lang.CharacterDataLatin1.isWhitespace(I)Z @ 14 c2
Event: 6.309 Thread 0x0000020ceb33a1d0 DEOPT PACKING pc=0x0000020cd78635bc sp=0x000000b5b5cf62b0
Event: 6.309 Thread 0x0000020ceb33a1d0 DEOPT UNPACKING pc=0x0000020cd70f46a2 sp=0x000000b5b5cf6220 mode 2

Classes loaded (20 events):
Event: 6.310 Loading class jdk/internal/icu/impl/Norm2AllModes
Event: 6.310 Loading class jdk/internal/icu/impl/Norm2AllModes done
Event: 6.310 Loading class jdk/internal/icu/impl/Norm2AllModes$NoopNormalizer2
Event: 6.310 Loading class jdk/internal/icu/impl/Norm2AllModes$NoopNormalizer2 done
Event: 6.310 Loading class jdk/internal/icu/impl/Norm2AllModes$NFKCSingleton
Event: 6.310 Loading class jdk/internal/icu/impl/Norm2AllModes$NFKCSingleton done
Event: 6.310 Loading class jdk/internal/icu/impl/Norm2AllModes$Norm2AllModesSingleton
Event: 6.310 Loading class jdk/internal/icu/impl/Norm2AllModes$Norm2AllModesSingleton done
Event: 6.310 Loading class jdk/internal/icu/impl/NormalizerImpl
Event: 6.311 Loading class jdk/internal/icu/impl/NormalizerImpl done
Event: 6.311 Loading class jdk/internal/icu/impl/NormalizerImpl$IsAcceptable
Event: 6.311 Loading class jdk/internal/icu/impl/NormalizerImpl$IsAcceptable done
Event: 6.312 Loading class jdk/internal/icu/util/CodePointTrie$Fast16
Event: 6.312 Loading class jdk/internal/icu/util/CodePointTrie$Fast
Event: 6.312 Loading class jdk/internal/icu/util/CodePointTrie
Event: 6.312 Loading class jdk/internal/icu/util/CodePointMap
Event: 6.312 Loading class jdk/internal/icu/util/CodePointMap done
Event: 6.312 Loading class jdk/internal/icu/util/CodePointTrie done
Event: 6.312 Loading class jdk/internal/icu/util/CodePointTrie$Fast done
Event: 6.312 Loading class jdk/internal/icu/util/CodePointTrie$Fast16 done

Classes unloaded (0 events):
No events

Classes redefined (0 events):
No events

Internal exceptions (20 events):
Event: 5.470 Thread 0x0000020ceb338790 Exception <a 'java/lang/NoSuchMethodError'{0x0000000084aea5e8}: static Lorg/gradle/internal/operations/OperationIdentifier;.<clinit>()V> (0x0000000084aea5e8) 
thrown [s\src\hotspot\share\prims\jni.cpp, line 1126]
Event: 5.536 Thread 0x0000020ceb33a1d0 Exception <a 'java/lang/NoSuchMethodError'{0x0000000084477c00}: 'long java.lang.invoke.DirectMethodHandle$Holder.invokeStatic(java.lang.Object, long)'> (0x0000000084477c00) 
thrown [s\src\hotspot\share\interpreter\linkResolver.cpp, line 784]
Event: 5.568 Thread 0x0000020ceb33a1d0 Implicit null exception at 0x0000020cd7a81b43 to 0x0000020cd7a81e7c
Event: 5.629 Thread 0x0000020ceb33a1d0 Exception <a 'java/lang/NoSuchMethodError'{0x0000000083cfaa98}: 'java.lang.Object java.lang.invoke.DirectMethodHandle$Holder.invokeVirtual(java.lang.Object, java.lang.Object, java.lang.Object, java.lang.Object, java.lang.Object, java.lang.Object, java.lang.Object, java.lang.Object, java.lang.Object, java.lang.Object, java.lang.Object, java.lang.Object, java.lang.Object, java.lang.Object, java.lang.Object, java.lang.Object, java.lang.Object)'> (0x0000000083cfaa98) 
thrown [s\src\hotspot\share\interpreter\li
Event: 5.629 Thread 0x0000020ceb33a1d0 Exception <a 'java/lang/NoSuchMethodError'{0x0000000083b00ec0}: 'java.lang.Object java.lang.invoke.DirectMethodHandle$Holder.invokeSpecial(java.lang.Object, java.lang.Object, java.lang.Object, java.lang.Object, java.lang.Object, java.lang.Object, java.lang.Object, java.lang.Object, java.lang.Object, java.lang.Object, java.lang.Object, java.lang.Object, java.lang.Object, java.lang.Object, java.lang.Object, java.lang.Object, java.lang.Object, java.lang.Object)'> (0x0000000083b00ec0) 
thrown [s\src\hotspot\sh
Event: 5.629 Thread 0x0000020ceb33a1d0 Exception <a 'java/lang/NoSuchMethodError'{0x0000000083b063d0}: 'java.lang.Object java.lang.invoke.DelegatingMethodHandle$Holder.reinvoke_L(java.lang.Object, java.lang.Object, java.lang.Object, java.lang.Object, java.lang.Object, java.lang.Object, java.lang.Object, java.lang.Object, java.lang.Object, java.lang.Object, java.lang.Object, java.lang.Object, java.lang.Object, java.lang.Object, java.lang.Object, java.lang.Object, java.lang.Object)'> (0x0000000083b063d0) 
thrown [s\src\hotspot\share\interpreter\l
Event: 5.636 Thread 0x0000020ceb33a1d0 Exception <a 'java/lang/NoSuchMethodError'{0x0000000083bbb780}: 'void java.lang.invoke.DirectMethodHandle$Holder.invokeStatic(java.lang.Object, java.lang.Object, java.lang.Object, java.lang.Object, java.lang.Object, java.lang.Object)'> (0x0000000083bbb780) 
thrown [s\src\hotspot\share\interpreter\linkResolver.cpp, line 784]
Event: 5.729 Thread 0x0000020ceb33a1d0 Exception <a 'java/lang/NoSuchMethodError'{0x0000000083600c80}: static Lorg/gradle/api/internal/catalog/DefaultVersionCatalog;.<clinit>()V> (0x0000000083600c80) 
thrown [s\src\hotspot\share\prims\jni.cpp, line 1126]
Event: 5.733 Thread 0x0000020ceb33a1d0 Exception <a 'java/lang/NoSuchMethodError'{0x0000000083651938}: static [Ljava/lang/Object;.<clinit>()V> (0x0000000083651938) 
thrown [s\src\hotspot\share\prims\jni.cpp, line 1126]
Event: 5.734 Thread 0x0000020ceb33a1d0 Exception <a 'java/lang/NoSuchMethodError'{0x0000000083678dc8}: static Lorg/gradle/api/internal/catalog/DependencyModel;.<clinit>()V> (0x0000000083678dc8) 
thrown [s\src\hotspot\share\prims\jni.cpp, line 1126]
Event: 5.734 Thread 0x0000020ceb33a1d0 Exception <a 'java/lang/NoSuchMethodError'{0x000000008367cbc0}: static Lorg/gradle/api/internal/catalog/AbstractContextAwareModel;.<clinit>()V> (0x000000008367cbc0) 
thrown [s\src\hotspot\share\prims\jni.cpp, line 1126]
Event: 5.735 Thread 0x0000020ceb33a1d0 Exception <a 'java/lang/NoSuchMethodError'{0x0000000083696768}: static Lorg/gradle/api/internal/artifacts/dependencies/AbstractVersionConstraint;.<clinit>()V> (0x0000000083696768) 
thrown [s\src\hotspot\share\prims\jni.cpp, line 1126]
Event: 5.738 Thread 0x0000020ceb33a1d0 Exception <a 'java/lang/NoSuchMethodError'{0x00000000836f63f0}: static Lorg/gradle/api/internal/catalog/PluginModel;.<clinit>()V> (0x00000000836f63f0) 
thrown [s\src\hotspot\share\prims\jni.cpp, line 1126]
Event: 5.739 Thread 0x0000020ceb33a1d0 Exception <a 'java/lang/NoSuchMethodError'{0x000000008350dc70}: static Lorg/gradle/api/internal/catalog/VersionModel;.<clinit>()V> (0x000000008350dc70) 
thrown [s\src\hotspot\share\prims\jni.cpp, line 1126]
Event: 5.741 Thread 0x0000020ceb33a1d0 Exception <a 'java/lang/NoSuchMethodError'{0x0000000083530058}: 'void java.lang.invoke.DirectMethodHandle$Holder.invokeSpecial(java.lang.Object, java.lang.Object, java.lang.Object, int)'> (0x0000000083530058) 
thrown [s\src\hotspot\share\interpreter\linkResolver.cpp, line 784]
Event: 5.793 Thread 0x0000020ceb33a1d0 Exception <a 'java/lang/NoSuchMethodError'{0x0000000083147fa8}: 'int java.lang.invoke.DirectMethodHandle$Holder.invokeSpecialIFC(java.lang.Object, java.lang.Object, java.lang.Object)'> (0x0000000083147fa8) 
thrown [s\src\hotspot\share\interpreter\linkResolver.cpp, line 784]
Event: 5.832 Thread 0x0000020ceb33a1d0 Exception <a 'java/lang/NoSuchMethodError'{0x000000008ffe51a8}: 'java.lang.Object java.lang.invoke.DirectMethodHandle$Holder.invokeSpecial(java.lang.Object, java.lang.Object, java.lang.Object, java.lang.Object, java.lang.Object, long)'> (0x000000008ffe51a8) 
thrown [s\src\hotspot\share\interpreter\linkResolver.cpp, line 784]
Event: 5.833 Thread 0x0000020ceb33a1d0 Exception <a 'java/lang/NoSuchMethodError'{0x000000008bd058b0}: 'void java.lang.invoke.DirectMethodHandle$Holder.invokeStatic(java.lang.Object, java.lang.Object, java.lang.Object, int, java.lang.Object)'> (0x000000008bd058b0) 
thrown [s\src\hotspot\share\interpreter\linkResolver.cpp, line 784]
Event: 5.872 Thread 0x0000020ceb33a1d0 Exception <a 'sun/nio/fs/WindowsException'{0x000000008bbd2ca0}> (0x000000008bbd2ca0) 
thrown [s\src\hotspot\share\prims\jni.cpp, line 535]
Event: 5.908 Thread 0x0000020ceb33a1d0 Exception <a 'java/lang/NoSuchMethodError'{0x000000008b8b5be8}: 'void java.lang.invoke.DirectMethodHandle$Holder.invokeVirtual(java.lang.Object, java.lang.Object)'> (0x000000008b8b5be8) 
thrown [s\src\hotspot\share\interpreter\linkResolver.cpp, line 784]

ZGC Phase Switch (0 events):
No events

VM Operations (20 events):
Event: 5.749 Executing VM operation: HandshakeAllThreads (Deoptimize)
Event: 5.749 Executing VM operation: HandshakeAllThreads (Deoptimize) done
Event: 5.818 Executing VM operation: G1CollectForAllocation (G1 Evacuation Pause)
Event: 5.821 Executing VM operation: G1CollectForAllocation (G1 Evacuation Pause) done
Event: 5.851 Executing VM operation: HandshakeAllThreads (Deoptimize)
Event: 5.851 Executing VM operation: HandshakeAllThreads (Deoptimize) done
Event: 5.873 Executing VM operation: HandshakeAllThreads (Deoptimize)
Event: 5.873 Executing VM operation: HandshakeAllThreads (Deoptimize) done
Event: 5.876 Executing VM operation: HandshakeAllThreads (Deoptimize)
Event: 5.876 Executing VM operation: HandshakeAllThreads (Deoptimize) done
Event: 5.876 Executing VM operation: HandshakeAllThreads (Deoptimize)
Event: 5.876 Executing VM operation: HandshakeAllThreads (Deoptimize) done
Event: 5.904 Executing VM operation: HandshakeAllThreads (Deoptimize)
Event: 5.904 Executing VM operation: HandshakeAllThreads (Deoptimize) done
Event: 5.912 Executing VM operation: HandshakeAllThreads (Deoptimize)
Event: 5.912 Executing VM operation: HandshakeAllThreads (Deoptimize) done
Event: 5.993 Executing VM operation: HandshakeAllThreads (Deoptimize)
Event: 5.993 Executing VM operation: HandshakeAllThreads (Deoptimize) done
Event: 6.171 Executing VM operation: HandshakeAllThreads (Deoptimize)
Event: 6.171 Executing VM operation: HandshakeAllThreads (Deoptimize) done

Events (20 events):
Event: 5.220 Thread 0x0000020ce90c8730 flushing nmethod 0x0000020cd7990190
Event: 5.220 Thread 0x0000020ce90c8730 flushing nmethod 0x0000020cd790dd90
Event: 5.220 Thread 0x0000020ce90c8730 flushing nmethod 0x0000020cd7931610
Event: 5.220 Thread 0x0000020ce90c8730 flushing nmethod 0x0000020cd7940010
Event: 5.220 Thread 0x0000020ce90c8730 flushing nmethod 0x0000020cd7908a90
Event: 5.220 Thread 0x0000020ce90c8730 flushing nmethod 0x0000020cd78da890
Event: 5.220 Thread 0x0000020ce90c8730 flushing nmethod 0x0000020cd785fc10
Event: 5.220 Thread 0x0000020ce90c8730 flushing nmethod 0x0000020cd78df890
Event: 5.220 Thread 0x0000020ce90c8730 flushing nmethod 0x0000020cd7899210
Event: 5.220 Thread 0x0000020ce90c8730 flushing nmethod 0x0000020cd78b9310
Event: 5.220 Thread 0x0000020ce90c8730 flushing nmethod 0x0000020cd7897c10
Event: 5.220 Thread 0x0000020ce90c8730 flushing nmethod 0x0000020cd78a3a10
Event: 5.220 Thread 0x0000020ce90c8730 flushing nmethod 0x0000020cd7883290
Event: 5.220 Thread 0x0000020ce90c8730 flushing nmethod 0x0000020cd787c790
Event: 5.220 Thread 0x0000020ce90c8730 flushing nmethod 0x0000020cd786e190
Event: 5.220 Thread 0x0000020ce90c8730 flushing nmethod 0x0000020cd7817610
Event: 5.220 Thread 0x0000020ce90c8730 flushing nmethod 0x0000020cd7815390
Event: 6.141 Thread 0x0000020cea12ea60 Thread exited: 0x0000020cea12ea60
Event: 6.162 Thread 0x0000020cea12f800 Thread exited: 0x0000020cea12f800
Event: 6.166 Thread 0x0000020cea12d5f0 Thread added: 0x0000020cea12d5f0


Dynamic libraries:
0x00007ff7966f0000 - 0x00007ff7966fa000 	C:\Program Files\Android\Android Studio\jbr\bin\java.exe
0x00007ffd3fb70000 - 0x00007ffd3fd68000 	C:\WINDOWS\SYSTEM32\ntdll.dll
0x00007ffd3e7d0000 - 0x00007ffd3e892000 	C:\WINDOWS\System32\KERNEL32.DLL
0x00007ffd3d5c0000 - 0x00007ffd3d8be000 	C:\WINDOWS\System32\KERNELBASE.dll
0x00007ffd3d290000 - 0x00007ffd3d390000 	C:\WINDOWS\System32\ucrtbase.dll
0x00007ffd035d0000 - 0x00007ffd035eb000 	C:\Program Files\Android\Android Studio\jbr\bin\VCRUNTIME140.dll
0x00007ffceeff0000 - 0x00007ffcef008000 	C:\Program Files\Android\Android Studio\jbr\bin\jli.dll
0x00007ffd3f510000 - 0x00007ffd3f6ad000 	C:\WINDOWS\System32\USER32.dll
0x00007ffd25d40000 - 0x00007ffd25fda000 	C:\WINDOWS\WinSxS\amd64_microsoft.windows.common-controls_6595b64144ccf1df_6.0.19041.4355_none_60b8b9eb71f62e16\COMCTL32.dll
0x00007ffd3d8c0000 - 0x00007ffd3d8e2000 	C:\WINDOWS\System32\win32u.dll
0x00007ffd3e650000 - 0x00007ffd3e6ee000 	C:\WINDOWS\System32\msvcrt.dll
0x00007ffd3e150000 - 0x00007ffd3e17b000 	C:\WINDOWS\System32\GDI32.dll
0x00007ffd3d430000 - 0x00007ffd3d547000 	C:\WINDOWS\System32\gdi32full.dll
0x00007ffd3d390000 - 0x00007ffd3d42d000 	C:\WINDOWS\System32\msvcp_win.dll
0x00007ffd3f4e0000 - 0x00007ffd3f50f000 	C:\WINDOWS\System32\IMM32.DLL
0x00007ffd136a0000 - 0x00007ffd136ac000 	C:\Program Files\Android\Android Studio\jbr\bin\vcruntime140_1.dll
0x00007ffcd3c20000 - 0x00007ffcd3cad000 	C:\Program Files\Android\Android Studio\jbr\bin\msvcp140.dll
0x00007ffca1320000 - 0x00007ffca1f9d000 	C:\Program Files\Android\Android Studio\jbr\bin\server\jvm.dll
0x00007ffd3f380000 - 0x00007ffd3f431000 	C:\WINDOWS\System32\ADVAPI32.dll
0x00007ffd3f440000 - 0x00007ffd3f4df000 	C:\WINDOWS\System32\sechost.dll
0x00007ffd3df00000 - 0x00007ffd3e023000 	C:\WINDOWS\System32\RPCRT4.dll
0x00007ffd3d260000 - 0x00007ffd3d287000 	C:\WINDOWS\System32\bcrypt.dll
0x00007ffd3e480000 - 0x00007ffd3e4eb000 	C:\WINDOWS\System32\WS2_32.dll
0x00007ffd3c710000 - 0x00007ffd3c75b000 	C:\WINDOWS\SYSTEM32\POWRPROF.dll
0x00007ffd35620000 - 0x00007ffd3562a000 	C:\WINDOWS\SYSTEM32\VERSION.dll
0x00007ffd2a710000 - 0x00007ffd2a737000 	C:\WINDOWS\SYSTEM32\WINMM.dll
0x00007ffd3c610000 - 0x00007ffd3c622000 	C:\WINDOWS\SYSTEM32\UMPDC.dll
0x00007ffd3b070000 - 0x00007ffd3b082000 	C:\WINDOWS\SYSTEM32\kernel.appcore.dll
0x00007ffd11ad0000 - 0x00007ffd11ada000 	C:\Program Files\Android\Android Studio\jbr\bin\jimage.dll
0x00007ffd28620000 - 0x00007ffd28804000 	C:\WINDOWS\SYSTEM32\DBGHELP.DLL
0x00007ffd23880000 - 0x00007ffd238b4000 	C:\WINDOWS\SYSTEM32\dbgcore.DLL
0x00007ffd3d8f0000 - 0x00007ffd3d972000 	C:\WINDOWS\System32\bcryptPrimitives.dll
0x00007ffcfdf00000 - 0x00007ffcfdf0e000 	C:\Program Files\Android\Android Studio\jbr\bin\instrument.dll
0x00007ffcff3e0000 - 0x00007ffcff3ff000 	C:\Program Files\Android\Android Studio\jbr\bin\java.dll
0x00007ffcfcf40000 - 0x00007ffcfcf58000 	C:\Program Files\Android\Android Studio\jbr\bin\zip.dll
0x00007ffd3ec00000 - 0x00007ffd3f36d000 	C:\WINDOWS\System32\SHELL32.dll
0x00007ffd3b270000 - 0x00007ffd3ba14000 	C:\WINDOWS\SYSTEM32\windows.storage.dll
0x00007ffd3db90000 - 0x00007ffd3dee3000 	C:\WINDOWS\System32\combase.dll
0x00007ffd3cb60000 - 0x00007ffd3cb8e000 	C:\WINDOWS\SYSTEM32\Wldp.dll
0x00007ffd3e9d0000 - 0x00007ffd3ea9d000 	C:\WINDOWS\System32\OLEAUT32.dll
0x00007ffd3eb50000 - 0x00007ffd3ebfd000 	C:\WINDOWS\System32\SHCORE.dll
0x00007ffd3e180000 - 0x00007ffd3e1d5000 	C:\WINDOWS\System32\shlwapi.dll
0x00007ffd3d140000 - 0x00007ffd3d164000 	C:\WINDOWS\SYSTEM32\profapi.dll
0x00007ffd10e90000 - 0x00007ffd10ea0000 	C:\Program Files\Android\Android Studio\jbr\bin\net.dll
0x00007ffd370e0000 - 0x00007ffd371ed000 	C:\WINDOWS\SYSTEM32\WINHTTP.dll
0x00007ffd3c940000 - 0x00007ffd3c9aa000 	C:\WINDOWS\system32\mswsock.dll
0x00007ffcfb5e0000 - 0x00007ffcfb5f6000 	C:\Program Files\Android\Android Studio\jbr\bin\nio.dll
0x00007ffd0cc30000 - 0x00007ffd0cc40000 	C:\Program Files\Android\Android Studio\jbr\bin\verify.dll
0x00007ffcf46e0000 - 0x00007ffcf4707000 	C:\Users\rorot\.gradle\native\c067742578af261105cb4f569cf0c3c89f3d7b1fecec35dd04571415982c5e48\windows-amd64\native-platform.dll
0x00007ffccd270000 - 0x00007ffccd3b4000 	C:\Users\rorot\.gradle\native\100fb08df4bc3b14c8652ba06237920a3bd2aa13389f12d3474272988ae205f9\windows-amd64\native-platform-file-events.dll
0x00007ffd0ff00000 - 0x00007ffd0ff09000 	C:\Program Files\Android\Android Studio\jbr\bin\management.dll
0x00007ffd0e8b0000 - 0x00007ffd0e8bb000 	C:\Program Files\Android\Android Studio\jbr\bin\management_ext.dll
0x00007ffd3def0000 - 0x00007ffd3def8000 	C:\WINDOWS\System32\PSAPI.DLL
0x00007ffd3cba0000 - 0x00007ffd3cbb8000 	C:\WINDOWS\SYSTEM32\CRYPTSP.dll
0x00007ffd3c1b0000 - 0x00007ffd3c1e4000 	C:\WINDOWS\system32\rsaenh.dll
0x00007ffd3d100000 - 0x00007ffd3d12e000 	C:\WINDOWS\SYSTEM32\USERENV.dll
0x00007ffd3cad0000 - 0x00007ffd3cadc000 	C:\WINDOWS\SYSTEM32\CRYPTBASE.dll
0x00007ffd3c5d0000 - 0x00007ffd3c60b000 	C:\WINDOWS\SYSTEM32\IPHLPAPI.DLL
0x00007ffd3fb20000 - 0x00007ffd3fb28000 	C:\WINDOWS\System32\NSI.dll
0x00007ffd10e40000 - 0x00007ffd10e49000 	C:\Program Files\Android\Android Studio\jbr\bin\extnet.dll
0x00007ffd3a300000 - 0x00007ffd3a307000 	C:\WINDOWS\system32\wshunix.dll
0x00007ffd3c630000 - 0x00007ffd3c6fa000 	C:\WINDOWS\SYSTEM32\DNSAPI.dll
0x00000000669c0000 - 0x00000000669e6000 	C:\Program Files\Bonjour\mdnsNSP.dll
0x00007ffd36650000 - 0x00007ffd3665a000 	C:\Windows\System32\rasadhlp.dll
0x00007ffd366f0000 - 0x00007ffd36770000 	C:\WINDOWS\System32\fwpuclnt.dll

dbghelp: loaded successfully - version: 4.0.5 - missing functions: none
symbol engine: initialized successfully - sym options: 0x614 - pdb path: .;C:\Program Files\Android\Android Studio\jbr\bin;C:\WINDOWS\SYSTEM32;C:\WINDOWS\WinSxS\amd64_microsoft.windows.common-controls_6595b64144ccf1df_6.0.19041.4355_none_60b8b9eb71f62e16;C:\Program Files\Android\Android Studio\jbr\bin\server;C:\Users\rorot\.gradle\native\c067742578af261105cb4f569cf0c3c89f3d7b1fecec35dd04571415982c5e48\windows-amd64;C:\Users\rorot\.gradle\native\100fb08df4bc3b14c8652ba06237920a3bd2aa13389f12d3474272988ae205f9\windows-amd64;C:\Program Files\Bonjour

VM Arguments:
jvm_args: --add-opens=java.base/java.util=ALL-UNNAMED --add-opens=java.base/java.lang=ALL-UNNAMED --add-opens=java.base/java.lang.invoke=ALL-UNNAMED --add-opens=java.prefs/java.util.prefs=ALL-UNNAMED --add-exports=jdk.compiler/com.sun.tools.javac.api=ALL-UNNAMED --add-exports=jdk.compiler/com.sun.tools.javac.util=ALL-UNNAMED --add-opens=java.base/java.nio.charset=ALL-UNNAMED --add-opens=java.base/java.net=ALL-UNNAMED --add-opens=java.base/java.util.concurrent.atomic=ALL-UNNAMED -Xmx2048m -Dfile.encoding=UTF-8 -Duser.country=AR -Duser.language=es -Duser.variant -javaagent:C:\Users\rorot\.gradle\wrapper\dists\gradle-8.9-bin\90cnw93cvbtalezasaz0blq0a\gradle-8.9\lib\agents\gradle-instrumentation-agent-8.9.jar 
java_command: org.gradle.launcher.daemon.bootstrap.GradleDaemon 8.9
java_class_path (initial): C:\Users\rorot\.gradle\wrapper\dists\gradle-8.9-bin\90cnw93cvbtalezasaz0blq0a\gradle-8.9\lib\gradle-daemon-main-8.9.jar
Launcher Type: SUN_STANDARD

[Global flags]
     intx CICompilerCount                          = 12                                        {product} {ergonomic}
     uint ConcGCThreads                            = 3                                         {product} {ergonomic}
     uint G1ConcRefinementThreads                  = 13                                        {product} {ergonomic}
   size_t G1HeapRegionSize                         = 1048576                                   {product} {ergonomic}
    uintx GCDrainStackTargetSize                   = 64                                        {product} {ergonomic}
   size_t InitialHeapSize                          = 268435456                                 {product} {ergonomic}
   size_t MarkStackSize                            = 4194304                                   {product} {ergonomic}
   size_t MaxHeapSize                              = 2147483648                                {product} {command line}
   size_t MaxNewSize                               = 1287651328                                {product} {ergonomic}
   size_t MinHeapDeltaBytes                        = 1048576                                   {product} {ergonomic}
   size_t MinHeapSize                              = 8388608                                   {product} {ergonomic}
    uintx NonNMethodCodeHeapSize                   = 7602480                                {pd product} {ergonomic}
    uintx NonProfiledCodeHeapSize                  = 122027880                              {pd product} {ergonomic}
    uintx ProfiledCodeHeapSize                     = 122027880                              {pd product} {ergonomic}
    uintx ReservedCodeCacheSize                    = 251658240                              {pd product} {ergonomic}
     bool SegmentedCodeCache                       = true                                      {product} {ergonomic}
   size_t SoftMaxHeapSize                          = 2147483648                             {manageable} {ergonomic}
     bool UseCompressedOops                        = true                           {product lp64_product} {ergonomic}
     bool UseG1GC                                  = true                                      {product} {ergonomic}
     bool UseLargePagesIndividualAllocation        = false                                  {pd product} {ergonomic}

Logging:
Log output configuration:
 #0: stdout all=warning uptime,level,tags foldmultilines=false
 #1: stderr all=off uptime,level,tags foldmultilines=false

Environment Variables:
JAVA_HOME=C:\Program Files\Java\jdk-17
PATH=C:\Program Files\Java\jdk-17\bin;C:\Program Files\Java\jdk-17\bin;C:\Program Files (x86)\iis express\PHP\v5.5;C:\ProgramData\Oracle\Java\javapath;C:\Program Files\Common Files\Oracle\Java\javapath;C:\Program Files (x86)\Common Files\Oracle\Java\javapath;C:\WINDOWS\system32;C:\WINDOWS;C:\WINDOWS\System32\Wbem;C:\WINDOWS\System32\WindowsPowerShell\v1.0\;C:\WINDOWS\System32\OpenSSH\;C:\Program Files\NVIDIA Corporation\NVIDIA NvDLISR;C:\Program Files (x86)\NVIDIA Corporation\PhysX\Common;C:\Program Files (x86)\ZeroTier\One\;C:\Program Files\Git\cmd;C:\Program Files\Microsoft\Web Platform Installer\;C:\Program Files (x86)\Bitvise SSH Client;C:\Users\rorot\anaconda3;C:\Users\rorot\anaconda3\Library\mingw-w64\bin;C:\Users\rorot\anaconda3\Library\usr\bin;C:\Users\rorot\anaconda3\Library\bin;C:\Users\rorot\anaconda3\Scripts;C:\Users\rorot\AppData\Local\Programs\Python\Python39\Scripts\;C:\Users\rorot\AppData\Local\Programs\Python\Python39\;C:\Users\rorot\AppData\Local\Microsoft\WindowsApps;C:\Users\rorot\AppData\Local\Programs\Microsoft VS Co;C:\Program Files (x86)\Microsoft SQL Server\100\Tools\Binn\;C:\Program Files\Microsoft SQL Server\100\Tools\Binn\;C:\Program Files\Microsoft SQL Server\100\DTS\Binn\;C:\Program Files (x86)\Microsoft SQL Server\100\Tools\Binn\VSShell\Common7\IDE\;C:\Program Files (x86)\Microsoft SQL Server\100\DTS\Binn\;C:\Program Files (x86)\Microsoft SQL Server\90\Tools\binn\;C:\Maven\apache-maven-3.9.9\bin;F:\;C:\Program Files\Tailscale\;C:\Program Files\Docker\Docker\resources\bin;C:\Program Files\Docker\Docker\resources\bin;C:\Users\rorot\anaconda3;C:\Users\rorot\anaconda3\Library\mingw-w64\bin;C:\Users\rorot\anaconda3\Library\usr\bin;C:\Users\rorot\anaconda3\Library\bin;C:\Users\rorot\anaconda3\Scripts;C:\Users\rorot\AppData\Local\Programs\Python\Python39\Scripts\;C:\Users\rorot\AppData\Local\Programs\Python\Python39\;C:\Users\rorot\AppData\Local\Microsoft\WindowsApps;C:\Users\rorot\AppData\Local\Programs\Microsoft VS Code\bin;C:\Program Files\MongoDB\Server\5.0\bin;C:\Users\rorot\AppData\Roaming\npm;;F:\IntelliJ IDEA 2024.3\bin;
USERNAME=rorot
OS=Windows_NT
PROCESSOR_IDENTIFIER=AMD64 Family 23 Model 113 Stepping 0, AuthenticAMD
TMP=C:\Users\rorot\AppData\Local\Temp
TEMP=C:\Users\rorot\AppData\Local\Temp




Periodic native trim disabled

JNI global refs:
JNI global refs: 36, weak refs: 0

JNI global refs memory usage: 835, weak refs: 833

Process memory usage:
Resident Set Size: 311412K (1% of 16725268K total physical memory with 467664K free physical memory)

OOME stack traces (most recent first):
Classloader memory used:
Loader org.gradle.internal.classloader.VisitableURLClassLoader                         : 32231K
Loader bootstrap                                                                       : 27296K
Loader org.gradle.initialization.MixInLegacyTypesClassLoader                           : 9942K
Loader jdk.internal.loader.ClassLoaders$PlatformClassLoader                            : 846K
Loader jdk.internal.loader.ClassLoaders$AppClassLoader                                 : 230K
Loader org.gradle.internal.classloader.VisitableURLClassLoader                         : 168K
Loader jdk.internal.reflect.DelegatingClassLoader                                      : 71952B

Classes loaded by more than one classloader:
Class Program                                                                         : loaded 3 times (x 69B)
Class org.gradle.internal.classloader.ClassLoaderHierarchy                            : loaded 2 times (x 67B)
Class org.gradle.api.internal.classpath.ManifestUtil                                  : loaded 2 times (x 68B)
Class org.gradle.internal.classloader.DefaultClassLoaderFactory                       : loaded 2 times (x 79B)
Class org.gradle.internal.classloader.ClassLoaderVisitor                              : loaded 2 times (x 73B)
Class org.gradle.api.internal.classpath.EffectiveClassPath                            : loaded 2 times (x 87B)
Class org.gradle.api.internal.DefaultClassPathProvider                                : loaded 2 times (x 73B)
Class [Lorg.gradle.api.internal.ClassPathProvider;                                    : loaded 2 times (x 66B)
Class org.gradle.api.internal.ClassPathProvider                                       : loaded 2 times (x 67B)
Class org.gradle.internal.service.UnknownServiceException                             : loaded 2 times (x 80B)
Class org.gradle.internal.classpath.TransformedClassPath                              : loaded 2 times (x 93B)
Class org.gradle.internal.service.ServiceLocator                                      : loaded 2 times (x 67B)
Class org.gradle.internal.InternalTransformer                                         : loaded 2 times (x 67B)
Class org.gradle.internal.classloader.ClasspathUtil$1                                 : loaded 2 times (x 73B)
Class org.gradle.api.internal.classpath.DefaultModuleRegistry$DefaultModule           : loaded 2 times (x 83B)
Class org.gradle.api.internal.classpath.Module                                        : loaded 2 times (x 67B)
Class org.gradle.api.internal.classpath.UnknownModuleException                        : loaded 2 times (x 79B)
Class org.gradle.api.internal.DefaultClassPathRegistry                                : loaded 2 times (x 73B)
Class org.gradle.api.internal.ClassPathRegistry                                       : loaded 2 times (x 67B)
Class org.gradle.internal.classpath.DefaultClassPath$ImmutableUniqueList              : loaded 2 times (x 196B)
Class org.gradle.internal.classloader.FilteringClassLoader                            : loaded 2 times (x 102B)
Class Settings_gradle$1                                                               : loaded 2 times (x 71B)
Class org.gradle.internal.classpath.ClassPath                                         : loaded 2 times (x 67B)
Class org.gradle.api.UncheckedIOException                                             : loaded 2 times (x 79B)
Class org.gradle.internal.installation.GradleInstallation$1                           : loaded 2 times (x 72B)
Class org.gradle.api.internal.classpath.ModuleRegistry                                : loaded 2 times (x 67B)
Class org.gradle.api.internal.classpath.DefaultModuleRegistry                         : loaded 2 times (x 80B)
Class org.gradle.internal.service.ServiceLookupException                              : loaded 2 times (x 79B)
Class org.gradle.internal.classloader.ClassLoaderFactory                              : loaded 2 times (x 67B)
Class org.gradle.internal.service.CachingServiceLocator                               : loaded 2 times (x 79B)
Class org.gradle.internal.classloader.ClasspathUtil                                   : loaded 2 times (x 68B)
Class org.gradle.api.specs.Spec                                                       : loaded 2 times (x 67B)
Class org.gradle.internal.classloader.VisitableURLClassLoader$InstrumentingVisitableURLClassLoader: loaded 2 times (x 120B)
Class org.gradle.internal.classloader.VisitableURLClassLoader$Spec                    : loaded 2 times (x 71B)
Class org.gradle.internal.classpath.DefaultClassPath                                  : loaded 2 times (x 87B)
Class org.gradle.internal.classloader.ClassLoaderSpec                                 : loaded 2 times (x 68B)
Class Settings_gradle$1$1                                                             : loaded 2 times (x 71B)
Class org.gradle.internal.classloader.VisitableURLClassLoader                         : loaded 2 times (x 114B)
Class Settings_gradle                                                                 : loaded 2 times (x 125B)
Class org.gradle.internal.Cast                                                        : loaded 2 times (x 68B)
Class org.gradle.api.Action                                                           : loaded 2 times (x 67B)
Class org.gradle.internal.agents.InstrumentingClassLoader                             : loaded 2 times (x 67B)
Class org.gradle.internal.classpath.DefaultClassPath$ImmutableUniqueList$Builder      : loaded 2 times (x 72B)
Class org.gradle.api.GradleException                                                  : loaded 2 times (x 79B)
Class org.gradle.internal.IoActions                                                   : loaded 2 times (x 68B)
Class org.gradle.internal.classloader.SystemClassLoaderSpec                           : loaded 2 times (x 68B)
Class org.gradle.internal.installation.CurrentGradleInstallationLocator               : loaded 2 times (x 68B)
Class org.gradle.internal.service.DefaultServiceLocator                               : loaded 2 times (x 80B)
Class org.gradle.internal.installation.CurrentGradleInstallation                      : loaded 2 times (x 70B)
Class org.gradle.util.internal.GUtil                                                  : loaded 2 times (x 68B)
Class org.gradle.internal.installation.GradleInstallation                             : loaded 2 times (x 72B)

---------------  S Y S T E M  ---------------

OS:
 Windows 10 , 64 bit Build 19041 (10.0.19041.5072)
OS uptime: 6 days 20:06 hours
Hyper-V role detected

CPU: total 16 (initial active 16) (16 cores per cpu, 2 threads per core) family 23 model 113 stepping 0 microcode 0x0, cx8, cmov, fxsr, ht, mmx, 3dnowpref, sse, sse2, sse3, ssse3, sse4a, sse4.1, sse4.2, popcnt, lzcnt, tsc, tscinvbit, avx, avx2, aes, clmul, bmi1, bmi2, adx, sha, fma, vzeroupper, clflush, clflushopt, hv, rdtscp, rdpid, f16c
Processor Information for all 16 processors :
  Max Mhz: 3593, Current Mhz: 3593, Mhz Limit: 3593

Memory: 4k page, system-wide physical 16333M (456M free)
TotalPageFile size 32333M (AvailPageFile size 6M)
current process WorkingSet (physical memory assigned to process): 304M, peak: 304M
current process commit charge ("private bytes"): 348M, peak: 401M

vm_info: OpenJDK 64-Bit Server VM (21.0.3+-12282718-b509.11) for windows-amd64 JRE (21.0.3+-12282718-b509.11), built on 2024-08-27T17:34:15Z by "builder" with MS VC++ 16.10 / 16.11 (VS2019)

END.
